<?xml version="1.0" encoding="UTF-8"?>
<!-- Generated by org.testng.reporters.JUnitXMLReporter -->
<testsuite ignored="0" hostname="LAPTOP-ONCE98CT" failures="0" tests="2" name="Test-Runner-2" time="8.896" errors="0" timestamp="2023-11-22T12:49:17 IST">
  <testcase classname="practiceTestNg.PracticeTest" name="practice5_Test" time="0.0">
    <skipped/>
  </testcase> <!-- practice5_Test -->
  <testcase classname="practiceTestNg.PracticeTest" name="practice6_Test" time="0.0">
    <skipped/>
  </testcase> <!-- practice6_Test -->
</testsuite> <!-- Test-Runner-2 -->
