<?xml version="1.0" encoding="UTF-8"?>
<!-- Generated by org.testng.reporters.JUnitReportReporter -->
<testsuite hostname="LAPTOP-ONCE98CT" failures="0" tests="4" name="practiceTestNg.TestNgPractice2" time="0.032" errors="0" timestamp="2023-11-20T11:27:31 IST" skipped="0">
  <testcase classname="practiceTestNg.TestNgPractice2" name="modifyTest" time="0.006"/>
  <testcase classname="practiceTestNg.TestNgPractice2" name="createTest" time="0.017"/>
  <testcase classname="practiceTestNg.TestNgPractice2" name="deleteTest" time="0.006"/>
  <testcase classname="practiceTestNg.TestNgPractice2" name="editTest" time="0.003"/>
</testsuite> <!-- practiceTestNg.TestNgPractice2 -->
