<?xml version="1.0" encoding="UTF-8"?>
<!-- Generated by org.testng.reporters.JUnitReportReporter -->
<testsuite hostname="LAPTOP-ONCE98CT" failures="0" tests="4" name="dataProviderPractice.DataProviderTest" time="0.030" errors="0" timestamp="2023-11-20T15:49:38 IST" skipped="0">
  <testcase classname="dataProviderPractice.DataProviderTest" name="getData" time="0.004"/>
  <testcase classname="dataProviderPractice.DataProviderTest" name="getData" time="0.013"/>
  <testcase classname="dataProviderPractice.DataProviderTest" name="getData" time="0.009"/>
  <testcase classname="dataProviderPractice.DataProviderTest" name="getData" time="0.004"/>
</testsuite> <!-- dataProviderPractice.DataProviderTest -->
