<?xml version="1.0" encoding="UTF-8"?>
<!-- Generated by org.testng.reporters.JUnitReportReporter -->
<testsuite hostname="LAPTOP-ONCE98CT" failures="0" tests="2" name="practiceTestNg.AnootationTest" time="0.049" errors="0" timestamp="2023-11-20T17:48:28 IST" skipped="0">
  <testcase classname="practiceTestNg.AnootationTest" name="testScriptTest" time="0.018"/>
  <testcase classname="practiceTestNg.AnootationTest" name="test" time="0.031"/>
</testsuite> <!-- practiceTestNg.AnootationTest -->
