<?xml version="1.0" encoding="UTF-8"?>
<!-- Generated by org.testng.reporters.JUnitReportReporter -->
<testsuite hostname="LAPTOP-ONCE98CT" failures="0" tests="1" name="com.OnlineBankingTestScript.Tc_03ApprovePendingAAccountAndActiveCustomer" time="21.812" errors="0" timestamp="2023-11-23T15:44:33 IST" skipped="0">
  <testcase classname="com.OnlineBankingTestScript.Tc_03ApprovePendingAAccountAndActiveCustomer" name="Tc_03" time="21.812"/>
</testsuite> <!-- com.OnlineBankingTestScript.Tc_03ApprovePendingAAccountAndActiveCustomer -->
