<?xml version="1.0" encoding="UTF-8"?>
<!-- Generated by org.testng.reporters.JUnitReportReporter -->
<testsuite hostname="LAPTOP-ONCE98CT" failures="0" tests="1" name="PracticeScript.TestNgMavenEx1" time="18.708" errors="0" timestamp="2023-11-10T15:53:23 IST" skipped="0">
  <testcase classname="PracticeScript.TestNgMavenEx1" name="amazon" time="18.708"/>
</testsuite> <!-- PracticeScript.TestNgMavenEx1 -->
