<?xml version="1.0" encoding="UTF-8"?>
<!-- Generated by org.testng.reporters.JUnitReportReporter -->
<testsuite hostname="LAPTOP-ONCE98CT" failures="0" tests="3" name="practiceTestNg.ClassOfProviderTest" time="0.253" errors="0" timestamp="2023-11-21T12:35:29 IST" skipped="0">
  <testcase classname="practiceTestNg.ClassOfProviderTest" name="getData" time="0.117"/>
  <testcase classname="practiceTestNg.ClassOfProviderTest" name="getData" time="0.121"/>
  <testcase classname="practiceTestNg.ClassOfProviderTest" name="getData" time="0.015"/>
</testsuite> <!-- practiceTestNg.ClassOfProviderTest -->
