<?xml version="1.0" encoding="UTF-8"?>
<!-- Generated by org.testng.reporters.JUnitReportReporter -->
<testsuite hostname="LAPTOP-ONCE98CT" failures="0" tests="1" name="PracticeScript.CommandParameterTest" time="10.775" errors="0" timestamp="2023-11-10T15:59:15 IST" skipped="0">
  <testcase classname="PracticeScript.CommandParameterTest" name="cmdParametertest" time="10.775"/>
</testsuite> <!-- PracticeScript.CommandParameterTest -->
