<?xml version="1.0" encoding="UTF-8"?>
<!-- Generated by org.testng.reporters.JUnitReportReporter -->
<testsuite hostname="LAPTOP-ONCE98CT" failures="0" tests="4" name="practiceTestNg.TestNgPractice2Test" time="0.024" errors="0" timestamp="2023-11-20T13:33:04 IST" skipped="0">
  <testcase classname="practiceTestNg.TestNgPractice2Test" name="editTest" time="0.004"/>
  <testcase classname="practiceTestNg.TestNgPractice2Test" name="modifyTest" time="0.002"/>
  <testcase classname="practiceTestNg.TestNgPractice2Test" name="deleteTest" time="0.014"/>
  <testcase classname="practiceTestNg.TestNgPractice2Test" name="createTest" time="0.004"/>
</testsuite> <!-- practiceTestNg.TestNgPractice2Test -->
