<?xml version="1.0" encoding="UTF-8"?>
<!-- Generated by org.testng.reporters.JUnitReportReporter -->
<testsuite hostname="LAPTOP-ONCE98CT" failures="0" tests="1" name="com.OnlineBankingTestScript.ApplyForDebitCardWithBlank_Tc15_Test" time="12.918" errors="0" timestamp="2023-11-24T11:05:23 IST" skipped="0">
  <testcase classname="com.OnlineBankingTestScript.ApplyForDebitCardWithBlank_Tc15_Test" name="Tc_15" time="12.918">
    <system-out>
      <![CDATA[Tc_15---->Testscript execution starts from here<----
Tc_15---->Test Script Executed Successfully<----]]>
    </system-out>
  </testcase> <!-- Tc_15 -->
  <system-out>
    <![CDATA[Tc_15---->Testscript execution starts from here<----
Tc_15---->Test Script Executed Successfully<----]]>
  </system-out>
</testsuite> <!-- com.OnlineBankingTestScript.ApplyForDebitCardWithBlank_Tc15_Test -->
