<?xml version="1.0" encoding="UTF-8"?>
<!-- Generated by org.testng.reporters.JUnitReportReporter -->
<testsuite hostname="LAPTOP-ONCE98CT" failures="0" tests="5" name="practiceTestNg.DataProviderByExcelMethodTest" time="0.042" errors="0" timestamp="2023-11-20T17:17:37 IST" skipped="0">
  <testcase classname="practiceTestNg.DataProviderByExcelMethodTest" name="getData" time="0.014"/>
  <testcase classname="practiceTestNg.DataProviderByExcelMethodTest" name="getData" time="0.018"/>
  <testcase classname="practiceTestNg.DataProviderByExcelMethodTest" name="getData" time="0.005"/>
  <testcase classname="practiceTestNg.DataProviderByExcelMethodTest" name="getData" time="0.002"/>
  <testcase classname="practiceTestNg.DataProviderByExcelMethodTest" name="getData" time="0.003"/>
</testsuite> <!-- practiceTestNg.DataProviderByExcelMethodTest -->
