<?xml version="1.0" encoding="UTF-8"?>
<!-- Generated by org.testng.reporters.JUnitReportReporter -->
<testsuite hostname="LAPTOP-ONCE98CT" failures="0" tests="2" name="practiceTestNg.DemoTest" time="1.256" errors="0" timestamp="2023-11-22T12:56:33 IST" skipped="2">
  <testcase classname="practiceTestNg.DemoTest" name="demo3_Test" time="0.322">
    <skipped/>
  </testcase> <!-- demo3_Test -->
  <testcase classname="practiceTestNg.DemoTest" name="demo4_Test" time="0.934">
    <skipped/>
  </testcase> <!-- demo4_Test -->
</testsuite> <!-- practiceTestNg.DemoTest -->
