<?xml version="1.0" encoding="UTF-8"?>
<!-- Generated by org.testng.reporters.JUnitReportReporter -->
<testsuite hostname="LAPTOP-ONCE98CT" failures="0" tests="1" name="PracticeScript.BigBasketPractice" time="38.513" errors="0" timestamp="2023-11-21T13:16:04 IST" skipped="0">
  <testcase classname="PracticeScript.BigBasketPractice" name="bigbasket" time="38.513"/>
</testsuite> <!-- PracticeScript.BigBasketPractice -->
