<?xml version="1.0" encoding="UTF-8"?>
<!-- Generated by org.testng.reporters.JUnitReportReporter -->
<testsuite hostname="LAPTOP-ONCE98CT" failures="0" tests="1" name="practiceTestNg.FitreFoxEXTest" time="9.790" errors="0" timestamp="2023-11-22T12:39:52 IST" skipped="0">
  <testcase classname="practiceTestNg.FitreFoxEXTest" name="fire" time="9.790"/>
</testsuite> <!-- practiceTestNg.FitreFoxEXTest -->
