<?xml version="1.0" encoding="UTF-8"?>
<!-- Generated by org.testng.reporters.JUnitReportReporter -->
<testsuite hostname="LAPTOP-ONCE98CT" failures="0" tests="1" name="practiceTestNg.PracticeTest" time="0.363" errors="0" timestamp="2023-11-22T13:03:06 IST" skipped="0">
  <testcase classname="practiceTestNg.PracticeTest" name="practice6_Test" time="0.363"/>
</testsuite> <!-- practiceTestNg.PracticeTest -->
