<?xml version="1.0" encoding="UTF-8"?>
<!-- Generated by org.testng.reporters.JUnitReportReporter -->
<testsuite hostname="LAPTOP-ONCE98CT" failures="0" tests="3" name="practiceTestNg.TestNgPracticeTest" time="0.031" errors="0" timestamp="2023-11-20T11:14:41 IST" skipped="0">
  <testcase classname="practiceTestNg.TestNgPracticeTest" name="editTest" time="0.002"/>
  <testcase classname="practiceTestNg.TestNgPracticeTest" name="deleteTest" time="0.004"/>
  <testcase classname="practiceTestNg.TestNgPracticeTest" name="createTest" time="0.025"/>
</testsuite> <!-- practiceTestNg.TestNgPracticeTest -->
