<?xml version="1.0" encoding="UTF-8"?>
<!-- Generated by org.testng.reporters.JUnitReportReporter -->
<testsuite hostname="LAPTOP-ONCE98CT" failures="0" tests="1" name="practiceTestNg.AssertExHard1Test" time="10.800" errors="0" timestamp="2023-11-22T16:05:40 IST" skipped="0">
  <testcase classname="practiceTestNg.AssertExHard1Test" name="hardAssertTest" time="10.800"/>
</testsuite> <!-- practiceTestNg.AssertExHard1Test -->
