<?xml version="1.0" encoding="UTF-8"?>
<!-- Generated by org.testng.reporters.JUnitReportReporter -->
<testsuite hostname="LAPTOP-ONCE98CT" failures="0" tests="1" name="com.OnlineBankingTestScript.Tc_06OpenAccountWithOnlyDropdown" time="6.038" errors="0" timestamp="2023-11-13T09:37:13 IST" skipped="0">
  <testcase classname="com.OnlineBankingTestScript.Tc_06OpenAccountWithOnlyDropdown" name="openAccouWithonlyDropDown" time="6.038"/>
</testsuite> <!-- com.OnlineBankingTestScript.Tc_06OpenAccountWithOnlyDropdown -->
